1720257186600|0|statement|connection 404|url jdbc:h2:mem:jiniaslog_user|drop table if exists users cascade |drop table if exists users cascade 
1720257186601|0|statement|connection 405|url jdbc:h2:mem:jiniaslog_blog|drop table if exists Article cascade |drop table if exists Article cascade 
1720257186602|0|statement|connection 405|url jdbc:h2:mem:jiniaslog_blog|drop table if exists Article_tags cascade |drop table if exists Article_tags cascade 
1720257186602|0|statement|connection 405|url jdbc:h2:mem:jiniaslog_blog|drop table if exists Category cascade |drop table if exists Category cascade 
1720257186602|0|statement|connection 405|url jdbc:h2:mem:jiniaslog_blog|drop table if exists Tag cascade |drop table if exists Tag cascade 
1720257186602|0|statement|connection 405|url jdbc:h2:mem:jiniaslog_blog|drop table if exists Tag_tagging cascade |drop table if exists Tag_tagging cascade 
1720257517022|0|statement|connection 464|url jdbc:h2:mem:jiniaslog_user|drop table if exists users cascade |drop table if exists users cascade 
1720257517024|0|statement|connection 465|url jdbc:h2:mem:jiniaslog_blog|drop table if exists Article cascade |drop table if exists Article cascade 
1720257517024|0|statement|connection 465|url jdbc:h2:mem:jiniaslog_blog|drop table if exists Article_tags cascade |drop table if exists Article_tags cascade 
1720257517024|0|statement|connection 465|url jdbc:h2:mem:jiniaslog_blog|drop table if exists Category cascade |drop table if exists Category cascade 
1720257517024|0|statement|connection 465|url jdbc:h2:mem:jiniaslog_blog|drop table if exists Tag cascade |drop table if exists Tag cascade 
1720257517024|0|statement|connection 465|url jdbc:h2:mem:jiniaslog_blog|drop table if exists Tag_tagging cascade |drop table if exists Tag_tagging cascade 
1720257604802|0|statement|connection 464|url jdbc:h2:mem:jiniaslog_user|drop table if exists users cascade |drop table if exists users cascade 
1720257604804|0|statement|connection 465|url jdbc:h2:mem:jiniaslog_blog|drop table if exists Article cascade |drop table if exists Article cascade 
1720257604804|0|statement|connection 465|url jdbc:h2:mem:jiniaslog_blog|drop table if exists Article_tags cascade |drop table if exists Article_tags cascade 
1720257604804|0|statement|connection 465|url jdbc:h2:mem:jiniaslog_blog|drop table if exists Category cascade |drop table if exists Category cascade 
1720257604804|0|statement|connection 465|url jdbc:h2:mem:jiniaslog_blog|drop table if exists Tag cascade |drop table if exists Tag cascade 
1720257604804|0|statement|connection 465|url jdbc:h2:mem:jiniaslog_blog|drop table if exists Tag_tagging cascade |drop table if exists Tag_tagging cascade 
1720257744156|0|statement|connection 404|url jdbc:h2:mem:jiniaslog_user|drop table if exists users cascade |drop table if exists users cascade 
1720257744158|0|statement|connection 405|url jdbc:h2:mem:jiniaslog_blog|drop table if exists Article cascade |drop table if exists Article cascade 
1720257744158|0|statement|connection 405|url jdbc:h2:mem:jiniaslog_blog|drop table if exists Article_tags cascade |drop table if exists Article_tags cascade 
1720257744158|0|statement|connection 405|url jdbc:h2:mem:jiniaslog_blog|drop table if exists Category cascade |drop table if exists Category cascade 
1720257744158|0|statement|connection 405|url jdbc:h2:mem:jiniaslog_blog|drop table if exists Tag cascade |drop table if exists Tag cascade 
1720257744158|0|statement|connection 405|url jdbc:h2:mem:jiniaslog_blog|drop table if exists Tag_tagging cascade |drop table if exists Tag_tagging cascade 
1720257827177|0|statement|connection 404|url jdbc:h2:mem:jiniaslog_user|drop table if exists users cascade |drop table if exists users cascade 
1720257827179|0|statement|connection 405|url jdbc:h2:mem:jiniaslog_blog|drop table if exists Article cascade |drop table if exists Article cascade 
1720257827179|0|statement|connection 405|url jdbc:h2:mem:jiniaslog_blog|drop table if exists Article_tags cascade |drop table if exists Article_tags cascade 
1720257827179|0|statement|connection 405|url jdbc:h2:mem:jiniaslog_blog|drop table if exists Category cascade |drop table if exists Category cascade 
1720257827179|0|statement|connection 405|url jdbc:h2:mem:jiniaslog_blog|drop table if exists Tag cascade |drop table if exists Tag cascade 
1720257827179|0|statement|connection 405|url jdbc:h2:mem:jiniaslog_blog|drop table if exists Tag_tagging cascade |drop table if exists Tag_tagging cascade 
1720258413002|0|statement|connection 415|url jdbc:h2:mem:jiniaslog_user|drop table if exists users cascade |drop table if exists users cascade 
1720258413003|0|statement|connection 416|url jdbc:h2:mem:jiniaslog_blog|drop table if exists Article cascade |drop table if exists Article cascade 
1720258413003|0|statement|connection 416|url jdbc:h2:mem:jiniaslog_blog|drop table if exists Article_tags cascade |drop table if exists Article_tags cascade 
1720258413003|0|statement|connection 416|url jdbc:h2:mem:jiniaslog_blog|drop table if exists Category cascade |drop table if exists Category cascade 
1720258413003|0|statement|connection 416|url jdbc:h2:mem:jiniaslog_blog|drop table if exists Tag cascade |drop table if exists Tag cascade 
1720258413003|0|statement|connection 416|url jdbc:h2:mem:jiniaslog_blog|drop table if exists Tag_tagging cascade |drop table if exists Tag_tagging cascade 
1720261297764|0|statement|connection 404|url jdbc:h2:mem:jiniaslog_user|drop table if exists users cascade |drop table if exists users cascade 
1720261297767|0|statement|connection 405|url jdbc:h2:mem:jiniaslog_blog|drop table if exists Article cascade |drop table if exists Article cascade 
1720261297767|0|statement|connection 405|url jdbc:h2:mem:jiniaslog_blog|drop table if exists Article_tags cascade |drop table if exists Article_tags cascade 
1720261297768|0|statement|connection 405|url jdbc:h2:mem:jiniaslog_blog|drop table if exists Category cascade |drop table if exists Category cascade 
1720261297768|0|statement|connection 405|url jdbc:h2:mem:jiniaslog_blog|drop table if exists Tag cascade |drop table if exists Tag cascade 
1720261297768|0|statement|connection 405|url jdbc:h2:mem:jiniaslog_blog|drop table if exists Tag_tagging cascade |drop table if exists Tag_tagging cascade 
1720261442023|0|statement|connection 404|url jdbc:h2:mem:jiniaslog_user|drop table if exists users cascade |drop table if exists users cascade 
1720261442025|0|statement|connection 405|url jdbc:h2:mem:jiniaslog_blog|drop table if exists Article cascade |drop table if exists Article cascade 
1720261442025|0|statement|connection 405|url jdbc:h2:mem:jiniaslog_blog|drop table if exists Article_tags cascade |drop table if exists Article_tags cascade 
1720261442025|0|statement|connection 405|url jdbc:h2:mem:jiniaslog_blog|drop table if exists Category cascade |drop table if exists Category cascade 
1720261442025|0|statement|connection 405|url jdbc:h2:mem:jiniaslog_blog|drop table if exists Tag cascade |drop table if exists Tag cascade 
1720261442025|0|statement|connection 405|url jdbc:h2:mem:jiniaslog_blog|drop table if exists Tag_tagging cascade |drop table if exists Tag_tagging cascade 
1720261551533|0|statement|connection 404|url jdbc:h2:mem:jiniaslog_user|drop table if exists users cascade |drop table if exists users cascade 
1720261551534|0|statement|connection 405|url jdbc:h2:mem:jiniaslog_blog|drop table if exists Article cascade |drop table if exists Article cascade 
1720261551534|0|statement|connection 405|url jdbc:h2:mem:jiniaslog_blog|drop table if exists Article_tags cascade |drop table if exists Article_tags cascade 
1720261551534|0|statement|connection 405|url jdbc:h2:mem:jiniaslog_blog|drop table if exists Category cascade |drop table if exists Category cascade 
1720261551534|0|statement|connection 405|url jdbc:h2:mem:jiniaslog_blog|drop table if exists Tag cascade |drop table if exists Tag cascade 
1720261551534|0|statement|connection 405|url jdbc:h2:mem:jiniaslog_blog|drop table if exists Tag_tagging cascade |drop table if exists Tag_tagging cascade 
1720261838213|0|statement|connection 404|url jdbc:h2:mem:jiniaslog_user|drop table if exists users cascade |drop table if exists users cascade 
1720261838216|0|statement|connection 405|url jdbc:h2:mem:jiniaslog_blog|drop table if exists Article cascade |drop table if exists Article cascade 
1720261838216|0|statement|connection 405|url jdbc:h2:mem:jiniaslog_blog|drop table if exists Article_tags cascade |drop table if exists Article_tags cascade 
1720261838216|0|statement|connection 405|url jdbc:h2:mem:jiniaslog_blog|drop table if exists Category cascade |drop table if exists Category cascade 
1720261838216|0|statement|connection 405|url jdbc:h2:mem:jiniaslog_blog|drop table if exists Tag cascade |drop table if exists Tag cascade 
1720261838217|0|statement|connection 405|url jdbc:h2:mem:jiniaslog_blog|drop table if exists Tag_tagging cascade |drop table if exists Tag_tagging cascade 
1720261999614|0|statement|connection 404|url jdbc:h2:mem:jiniaslog_user|drop table if exists users cascade |drop table if exists users cascade 
1720261999615|0|statement|connection 405|url jdbc:h2:mem:jiniaslog_blog|drop table if exists Article cascade |drop table if exists Article cascade 
1720261999615|0|statement|connection 405|url jdbc:h2:mem:jiniaslog_blog|drop table if exists Article_tags cascade |drop table if exists Article_tags cascade 
1720261999615|0|statement|connection 405|url jdbc:h2:mem:jiniaslog_blog|drop table if exists Category cascade |drop table if exists Category cascade 
1720261999616|0|statement|connection 405|url jdbc:h2:mem:jiniaslog_blog|drop table if exists Tag cascade |drop table if exists Tag cascade 
1720261999616|0|statement|connection 405|url jdbc:h2:mem:jiniaslog_blog|drop table if exists Tag_tagging cascade |drop table if exists Tag_tagging cascade 
1720262128082|0|statement|connection 404|url jdbc:h2:mem:jiniaslog_user|drop table if exists users cascade |drop table if exists users cascade 
1720262128084|0|statement|connection 405|url jdbc:h2:mem:jiniaslog_blog|drop table if exists Article cascade |drop table if exists Article cascade 
1720262128084|0|statement|connection 405|url jdbc:h2:mem:jiniaslog_blog|drop table if exists Article_tags cascade |drop table if exists Article_tags cascade 
1720262128085|0|statement|connection 405|url jdbc:h2:mem:jiniaslog_blog|drop table if exists Category cascade |drop table if exists Category cascade 
1720262128085|0|statement|connection 405|url jdbc:h2:mem:jiniaslog_blog|drop table if exists Tag cascade |drop table if exists Tag cascade 
1720262128085|0|statement|connection 405|url jdbc:h2:mem:jiniaslog_blog|drop table if exists Tag_tagging cascade |drop table if exists Tag_tagging cascade 
1720262218020|0|statement|connection 427|url jdbc:h2:mem:jiniaslog_user|drop table if exists users cascade |drop table if exists users cascade 
1720262218028|2|statement|connection 428|url jdbc:h2:mem:jiniaslog_blog|drop table if exists Article cascade |drop table if exists Article cascade 
1720262218029|0|statement|connection 428|url jdbc:h2:mem:jiniaslog_blog|drop table if exists Article_tags cascade |drop table if exists Article_tags cascade 
1720262218029|0|statement|connection 428|url jdbc:h2:mem:jiniaslog_blog|drop table if exists Category cascade |drop table if exists Category cascade 
1720262218029|0|statement|connection 428|url jdbc:h2:mem:jiniaslog_blog|drop table if exists Tag cascade |drop table if exists Tag cascade 
1720262218029|0|statement|connection 428|url jdbc:h2:mem:jiniaslog_blog|drop table if exists Tag_tagging cascade |drop table if exists Tag_tagging cascade 
1720262284364|0|statement|connection 404|url jdbc:h2:mem:jiniaslog_user|drop table if exists users cascade |drop table if exists users cascade 
1720262284366|0|statement|connection 405|url jdbc:h2:mem:jiniaslog_blog|drop table if exists Article cascade |drop table if exists Article cascade 
1720262284366|0|statement|connection 405|url jdbc:h2:mem:jiniaslog_blog|drop table if exists Article_tags cascade |drop table if exists Article_tags cascade 
1720262284366|0|statement|connection 405|url jdbc:h2:mem:jiniaslog_blog|drop table if exists Category cascade |drop table if exists Category cascade 
1720262284366|0|statement|connection 405|url jdbc:h2:mem:jiniaslog_blog|drop table if exists Tag cascade |drop table if exists Tag cascade 
1720262284366|0|statement|connection 405|url jdbc:h2:mem:jiniaslog_blog|drop table if exists Tag_tagging cascade |drop table if exists Tag_tagging cascade 
1720262449077|0|statement|connection 404|url jdbc:h2:mem:jiniaslog_user|drop table if exists users cascade |drop table if exists users cascade 
1720262449079|0|statement|connection 405|url jdbc:h2:mem:jiniaslog_blog|drop table if exists Article cascade |drop table if exists Article cascade 
1720262449079|0|statement|connection 405|url jdbc:h2:mem:jiniaslog_blog|drop table if exists Article_tags cascade |drop table if exists Article_tags cascade 
1720262449079|0|statement|connection 405|url jdbc:h2:mem:jiniaslog_blog|drop table if exists Category cascade |drop table if exists Category cascade 
1720262449079|0|statement|connection 405|url jdbc:h2:mem:jiniaslog_blog|drop table if exists Tag cascade |drop table if exists Tag cascade 
1720262449080|0|statement|connection 405|url jdbc:h2:mem:jiniaslog_blog|drop table if exists Tag_tagging cascade |drop table if exists Tag_tagging cascade 
1720262619852|0|statement|connection 404|url jdbc:h2:mem:jiniaslog_user|drop table if exists users cascade |drop table if exists users cascade 
1720262619854|0|statement|connection 405|url jdbc:h2:mem:jiniaslog_blog|drop table if exists Article cascade |drop table if exists Article cascade 
1720262619854|0|statement|connection 405|url jdbc:h2:mem:jiniaslog_blog|drop table if exists Article_tags cascade |drop table if exists Article_tags cascade 
1720262619854|0|statement|connection 405|url jdbc:h2:mem:jiniaslog_blog|drop table if exists Category cascade |drop table if exists Category cascade 
1720262619854|0|statement|connection 405|url jdbc:h2:mem:jiniaslog_blog|drop table if exists Tag cascade |drop table if exists Tag cascade 
1720262619854|0|statement|connection 405|url jdbc:h2:mem:jiniaslog_blog|drop table if exists Tag_tagging cascade |drop table if exists Tag_tagging cascade 
1720262739467|0|statement|connection 404|url jdbc:h2:mem:jiniaslog_user|drop table if exists users cascade |drop table if exists users cascade 
1720262739469|0|statement|connection 405|url jdbc:h2:mem:jiniaslog_blog|drop table if exists Article cascade |drop table if exists Article cascade 
1720262739469|0|statement|connection 405|url jdbc:h2:mem:jiniaslog_blog|drop table if exists Article_tags cascade |drop table if exists Article_tags cascade 
1720262739469|0|statement|connection 405|url jdbc:h2:mem:jiniaslog_blog|drop table if exists Category cascade |drop table if exists Category cascade 
1720262739469|0|statement|connection 405|url jdbc:h2:mem:jiniaslog_blog|drop table if exists Tag cascade |drop table if exists Tag cascade 
1720262739469|0|statement|connection 405|url jdbc:h2:mem:jiniaslog_blog|drop table if exists Tag_tagging cascade |drop table if exists Tag_tagging cascade 
1720262834531|0|statement|connection 404|url jdbc:h2:mem:jiniaslog_user|drop table if exists users cascade |drop table if exists users cascade 
1720262834533|0|statement|connection 405|url jdbc:h2:mem:jiniaslog_blog|drop table if exists Article cascade |drop table if exists Article cascade 
1720262834533|0|statement|connection 405|url jdbc:h2:mem:jiniaslog_blog|drop table if exists Article_tags cascade |drop table if exists Article_tags cascade 
1720262834533|0|statement|connection 405|url jdbc:h2:mem:jiniaslog_blog|drop table if exists Category cascade |drop table if exists Category cascade 
1720262834533|0|statement|connection 405|url jdbc:h2:mem:jiniaslog_blog|drop table if exists Tag cascade |drop table if exists Tag cascade 
1720262834534|0|statement|connection 405|url jdbc:h2:mem:jiniaslog_blog|drop table if exists Tag_tagging cascade |drop table if exists Tag_tagging cascade 
1720263073622|0|statement|connection 404|url jdbc:h2:mem:jiniaslog_user|drop table if exists users cascade |drop table if exists users cascade 
1720263073625|0|statement|connection 405|url jdbc:h2:mem:jiniaslog_blog|drop table if exists Article cascade |drop table if exists Article cascade 
1720263073625|0|statement|connection 405|url jdbc:h2:mem:jiniaslog_blog|drop table if exists Article_tags cascade |drop table if exists Article_tags cascade 
1720263073625|0|statement|connection 405|url jdbc:h2:mem:jiniaslog_blog|drop table if exists Category cascade |drop table if exists Category cascade 
1720263073625|0|statement|connection 405|url jdbc:h2:mem:jiniaslog_blog|drop table if exists Tag cascade |drop table if exists Tag cascade 
1720263073625|0|statement|connection 405|url jdbc:h2:mem:jiniaslog_blog|drop table if exists Tag_tagging cascade |drop table if exists Tag_tagging cascade 
1720263160762|0|statement|connection 404|url jdbc:h2:mem:jiniaslog_user|drop table if exists users cascade |drop table if exists users cascade 
1720263160764|0|statement|connection 405|url jdbc:h2:mem:jiniaslog_blog|drop table if exists Article cascade |drop table if exists Article cascade 
1720263160765|0|statement|connection 405|url jdbc:h2:mem:jiniaslog_blog|drop table if exists Article_tags cascade |drop table if exists Article_tags cascade 
1720263160765|0|statement|connection 405|url jdbc:h2:mem:jiniaslog_blog|drop table if exists Category cascade |drop table if exists Category cascade 
1720263160765|0|statement|connection 405|url jdbc:h2:mem:jiniaslog_blog|drop table if exists Tag cascade |drop table if exists Tag cascade 
1720263160765|0|statement|connection 405|url jdbc:h2:mem:jiniaslog_blog|drop table if exists Tag_tagging cascade |drop table if exists Tag_tagging cascade 
1720263305925|0|statement|connection 404|url jdbc:h2:mem:jiniaslog_user|drop table if exists users cascade |drop table if exists users cascade 
1720263305927|0|statement|connection 405|url jdbc:h2:mem:jiniaslog_blog|drop table if exists Article cascade |drop table if exists Article cascade 
1720263305927|0|statement|connection 405|url jdbc:h2:mem:jiniaslog_blog|drop table if exists Article_tags cascade |drop table if exists Article_tags cascade 
1720263305927|0|statement|connection 405|url jdbc:h2:mem:jiniaslog_blog|drop table if exists Category cascade |drop table if exists Category cascade 
1720263305927|0|statement|connection 405|url jdbc:h2:mem:jiniaslog_blog|drop table if exists Tag cascade |drop table if exists Tag cascade 
1720263305928|0|statement|connection 405|url jdbc:h2:mem:jiniaslog_blog|drop table if exists Tag_tagging cascade |drop table if exists Tag_tagging cascade 
1720263440517|0|statement|connection 426|url jdbc:h2:mem:jiniaslog_user|drop table if exists users cascade |drop table if exists users cascade 
1720263440519|0|statement|connection 427|url jdbc:h2:mem:jiniaslog_blog|drop table if exists Article cascade |drop table if exists Article cascade 
1720263440520|0|statement|connection 427|url jdbc:h2:mem:jiniaslog_blog|drop table if exists Article_tags cascade |drop table if exists Article_tags cascade 
1720263440520|0|statement|connection 427|url jdbc:h2:mem:jiniaslog_blog|drop table if exists Category cascade |drop table if exists Category cascade 
1720263440520|0|statement|connection 427|url jdbc:h2:mem:jiniaslog_blog|drop table if exists Tag cascade |drop table if exists Tag cascade 
1720263440520|0|statement|connection 427|url jdbc:h2:mem:jiniaslog_blog|drop table if exists Tag_tagging cascade |drop table if exists Tag_tagging cascade 
